{"uuid":"0540bb2e-5d19-47a6-9661-15c04ed995e9","historyId":"7459f00fa869769fc507fb464393ac44","testCaseId":"2dcd546af3e20fb5edd75c508eb25088","fullName":"src/test/java/Features/workroomCreateEmployee.feature:8","labels":[{"name":"tag","value":"sanity"},{"name":"host","value":"limitscale-ThinkPad-T490"},{"name":"thread","value":"9242@limitscale-ThinkPad-T490.main(1)"},{"name":"feature","value":"workroom Create Employee"},{"name":"story","value":"Login with the valid Email and password"},{"name":"suite","value":"workroom Create Employee"},{"name":"testClass","value":"Login with the valid Email and password"},{"name":"framework","value":"cucumber4jvm"},{"name":"language","value":"java"},{"name":"gherkin_uri","value":"file:///home/limitscale/Desktop/WorkRoom/Live_WorkRoomWebautomation/src/test/java/Features/workroomCreateEmployee.feature"},{"name":"package","value":"src.test.java.Features.workroomCreateEmployee_feature.workroom Create Employee"}],"links":[],"name":"Login with the valid Email and password","status":"broken","statusDetails":{"known":false,"muted":false,"flaky":false,"message":"element click intercepted: Element <input type=\"text\" class=\"form-control\" required=\"\" name=\"name\" value=\"\"> is not clickable at point (927, 432). Other element would receive the click: <li class=\"select2-results__option select2-results__option--highlighted\" role=\"treeitem\" aria-selected=\"true\" data-select2-id=\"17\">...</li>\n  (Session info: chrome=137.0.7151.68)\nBuild info: version: '4.29.0', revision: '5fc1ec94cb'\nSystem info: os.name: 'Linux', os.arch: 'amd64', os.version: '6.11.0-26-generic', java.version: '17.0.15'\nDriver info: org.openqa.selenium.chrome.ChromeDriver\nCommand: [5469cc5f45b799e579db25899c55a989, clickElement {id=f.D8187E020F38050D08164E46E4404A26.d.A18BE75B41879C8938CA082E676B0071.e.50}]\nCapabilities {acceptInsecureCerts: false, browserName: chrome, browserVersion: 137.0.7151.68, chrome: {chromedriverVersion: 137.0.7151.68 (2989ffee9373..., userDataDir: /tmp/chrome-user-data-1b006...}, fedcm:accounts: true, goog:chromeOptions: {debuggerAddress: localhost:33567}, networkConnectionEnabled: false, pageLoadStrategy: normal, platformName: linux, proxy: Proxy(), se:cdp: ws://localhost:33567/devtoo..., se:cdpVersion: 137.0.7151.68, setWindowRect: true, strictFileInteractability: false, timeouts: {implicit: 0, pageLoad: 300000, script: 30000}, unhandledPromptBehavior: dismiss and notify, webauthn:extension:credBlob: true, webauthn:extension:largeBlob: true, webauthn:extension:minPinLength: true, webauthn:extension:prf: true, webauthn:virtualAuthenticators: true}\nElement: [[ChromeDriver: chrome on linux (5469cc5f45b799e579db25899c55a989)] -> xpath: //input[@name='name']]\nSession ID: 5469cc5f45b799e579db25899c55a989","trace":"org.openqa.selenium.ElementClickInterceptedException: element click intercepted: Element <input type=\"text\" class=\"form-control\" required=\"\" name=\"name\" value=\"\"> is not clickable at point (927, 432). Other element would receive the click: <li class=\"select2-results__option select2-results__option--highlighted\" role=\"treeitem\" aria-selected=\"true\" data-select2-id=\"17\">...</li>\n  (Session info: chrome=137.0.7151.68)\nBuild info: version: '4.29.0', revision: '5fc1ec94cb'\nSystem info: os.name: 'Linux', os.arch: 'amd64', os.version: '6.11.0-26-generic', java.version: '17.0.15'\nDriver info: org.openqa.selenium.chrome.ChromeDriver\nCommand: [5469cc5f45b799e579db25899c55a989, clickElement {id=f.D8187E020F38050D08164E46E4404A26.d.A18BE75B41879C8938CA082E676B0071.e.50}]\nCapabilities {acceptInsecureCerts: false, browserName: chrome, browserVersion: 137.0.7151.68, chrome: {chromedriverVersion: 137.0.7151.68 (2989ffee9373..., userDataDir: /tmp/chrome-user-data-1b006...}, fedcm:accounts: true, goog:chromeOptions: {debuggerAddress: localhost:33567}, networkConnectionEnabled: false, pageLoadStrategy: normal, platformName: linux, proxy: Proxy(), se:cdp: ws://localhost:33567/devtoo..., se:cdpVersion: 137.0.7151.68, setWindowRect: true, strictFileInteractability: false, timeouts: {implicit: 0, pageLoad: 300000, script: 30000}, unhandledPromptBehavior: dismiss and notify, webauthn:extension:credBlob: true, webauthn:extension:largeBlob: true, webauthn:extension:minPinLength: true, webauthn:extension:prf: true, webauthn:virtualAuthenticators: true}\nElement: [[ChromeDriver: chrome on linux (5469cc5f45b799e579db25899c55a989)] -> xpath: //input[@name='name']]\nSession ID: 5469cc5f45b799e579db25899c55a989\n\tat java.base/jdk.internal.reflect.NativeConstructorAccessorImpl.newInstance0(Native Method)\n\tat java.base/jdk.internal.reflect.NativeConstructorAccessorImpl.newInstance(NativeConstructorAccessorImpl.java:77)\n\tat java.base/jdk.internal.reflect.DelegatingConstructorAccessorImpl.newInstance(DelegatingConstructorAccessorImpl.java:45)\n\tat java.base/java.lang.reflect.Constructor.newInstanceWithCaller(Constructor.java:500)\n\tat java.base/java.lang.reflect.Constructor.newInstance(Constructor.java:481)\n\tat org.openqa.selenium.remote.ErrorCodec.decode(ErrorCodec.java:167)\n\tat org.openqa.selenium.remote.codec.w3c.W3CHttpResponseCodec.decode(W3CHttpResponseCodec.java:138)\n\tat org.openqa.selenium.remote.codec.w3c.W3CHttpResponseCodec.decode(W3CHttpResponseCodec.java:50)\n\tat org.openqa.selenium.remote.HttpCommandExecutor.execute(HttpCommandExecutor.java:215)\n\tat org.openqa.selenium.remote.service.DriverCommandExecutor.invokeExecute(DriverCommandExecutor.java:216)\n\tat org.openqa.selenium.remote.service.DriverCommandExecutor.execute(DriverCommandExecutor.java:174)\n\tat org.openqa.selenium.remote.RemoteWebDriver.execute(RemoteWebDriver.java:545)\n\tat org.openqa.selenium.remote.RemoteWebElement.execute(RemoteWebElement.java:223)\n\tat org.openqa.selenium.remote.RemoteWebElement.click(RemoteWebElement.java:76)\n\tat pageobjects.WorkroomEmployeesModulePage.employeename(WorkroomEmployeesModulePage.java:168)\n\tat stepDefinations.WorkRoomEmployeesModuleSteps.user_will_create_new_employee_by_filling_the_employee_form_in_the_employee_module(WorkRoomEmployeesModuleSteps.java:36)\n\tat ✽.user will create new employee by filling the employee form in the employee module(file:///home/limitscale/Desktop/WorkRoom/Live_WorkRoomWebautomation/src/test/java/Features/workroomCreateEmployee.feature:11)\n"},"stage":"finished","steps":[{"name":"Given the user launches the Chrome browser","status":"passed","statusDetails":{"known":false,"muted":false,"flaky":false},"stage":"finished","steps":[],"attachments":[],"parameters":[],"start":1749816640882,"stop":1749816642080},{"name":"And the user navigates to the login page with the URL \"https://work-room.io/auth/login\"","status":"passed","statusDetails":{"known":false,"muted":false,"flaky":false},"stage":"finished","steps":[],"attachments":[],"parameters":[],"start":1749816642081,"stop":1749816645487},{"name":"When the user enters their email \"Bisleri@gmail.com\" and password \"Shree@1234\"","status":"passed","statusDetails":{"known":false,"muted":false,"flaky":false},"stage":"finished","steps":[],"attachments":[],"parameters":[],"start":1749816645489,"stop":1749816646324},{"name":"And the user clicks the Login button","status":"passed","statusDetails":{"known":false,"muted":false,"flaky":false},"stage":"finished","steps":[],"attachments":[],"parameters":[],"start":1749816646326,"stop":1749816650596},{"name":"Then user will create new employee by filling the employee form in the employee module","status":"broken","statusDetails":{"known":false,"muted":false,"flaky":false,"message":"element click intercepted: Element <input type=\"text\" class=\"form-control\" required=\"\" name=\"name\" value=\"\"> is not clickable at point (927, 432). Other element would receive the click: <li class=\"select2-results__option select2-results__option--highlighted\" role=\"treeitem\" aria-selected=\"true\" data-select2-id=\"17\">...</li>\n  (Session info: chrome=137.0.7151.68)\nBuild info: version: '4.29.0', revision: '5fc1ec94cb'\nSystem info: os.name: 'Linux', os.arch: 'amd64', os.version: '6.11.0-26-generic', java.version: '17.0.15'\nDriver info: org.openqa.selenium.chrome.ChromeDriver\nCommand: [5469cc5f45b799e579db25899c55a989, clickElement {id=f.D8187E020F38050D08164E46E4404A26.d.A18BE75B41879C8938CA082E676B0071.e.50}]\nCapabilities {acceptInsecureCerts: false, browserName: chrome, browserVersion: 137.0.7151.68, chrome: {chromedriverVersion: 137.0.7151.68 (2989ffee9373..., userDataDir: /tmp/chrome-user-data-1b006...}, fedcm:accounts: true, goog:chromeOptions: {debuggerAddress: localhost:33567}, networkConnectionEnabled: false, pageLoadStrategy: normal, platformName: linux, proxy: Proxy(), se:cdp: ws://localhost:33567/devtoo..., se:cdpVersion: 137.0.7151.68, setWindowRect: true, strictFileInteractability: false, timeouts: {implicit: 0, pageLoad: 300000, script: 30000}, unhandledPromptBehavior: dismiss and notify, webauthn:extension:credBlob: true, webauthn:extension:largeBlob: true, webauthn:extension:minPinLength: true, webauthn:extension:prf: true, webauthn:virtualAuthenticators: true}\nElement: [[ChromeDriver: chrome on linux (5469cc5f45b799e579db25899c55a989)] -> xpath: //input[@name='name']]\nSession ID: 5469cc5f45b799e579db25899c55a989","trace":"org.openqa.selenium.ElementClickInterceptedException: element click intercepted: Element <input type=\"text\" class=\"form-control\" required=\"\" name=\"name\" value=\"\"> is not clickable at point (927, 432). Other element would receive the click: <li class=\"select2-results__option select2-results__option--highlighted\" role=\"treeitem\" aria-selected=\"true\" data-select2-id=\"17\">...</li>\n  (Session info: chrome=137.0.7151.68)\nBuild info: version: '4.29.0', revision: '5fc1ec94cb'\nSystem info: os.name: 'Linux', os.arch: 'amd64', os.version: '6.11.0-26-generic', java.version: '17.0.15'\nDriver info: org.openqa.selenium.chrome.ChromeDriver\nCommand: [5469cc5f45b799e579db25899c55a989, clickElement {id=f.D8187E020F38050D08164E46E4404A26.d.A18BE75B41879C8938CA082E676B0071.e.50}]\nCapabilities {acceptInsecureCerts: false, browserName: chrome, browserVersion: 137.0.7151.68, chrome: {chromedriverVersion: 137.0.7151.68 (2989ffee9373..., userDataDir: /tmp/chrome-user-data-1b006...}, fedcm:accounts: true, goog:chromeOptions: {debuggerAddress: localhost:33567}, networkConnectionEnabled: false, pageLoadStrategy: normal, platformName: linux, proxy: Proxy(), se:cdp: ws://localhost:33567/devtoo..., se:cdpVersion: 137.0.7151.68, setWindowRect: true, strictFileInteractability: false, timeouts: {implicit: 0, pageLoad: 300000, script: 30000}, unhandledPromptBehavior: dismiss and notify, webauthn:extension:credBlob: true, webauthn:extension:largeBlob: true, webauthn:extension:minPinLength: true, webauthn:extension:prf: true, webauthn:virtualAuthenticators: true}\nElement: [[ChromeDriver: chrome on linux (5469cc5f45b799e579db25899c55a989)] -> xpath: //input[@name='name']]\nSession ID: 5469cc5f45b799e579db25899c55a989\n\tat java.base/jdk.internal.reflect.NativeConstructorAccessorImpl.newInstance0(Native Method)\n\tat java.base/jdk.internal.reflect.NativeConstructorAccessorImpl.newInstance(NativeConstructorAccessorImpl.java:77)\n\tat java.base/jdk.internal.reflect.DelegatingConstructorAccessorImpl.newInstance(DelegatingConstructorAccessorImpl.java:45)\n\tat java.base/java.lang.reflect.Constructor.newInstanceWithCaller(Constructor.java:500)\n\tat java.base/java.lang.reflect.Constructor.newInstance(Constructor.java:481)\n\tat org.openqa.selenium.remote.ErrorCodec.decode(ErrorCodec.java:167)\n\tat org.openqa.selenium.remote.codec.w3c.W3CHttpResponseCodec.decode(W3CHttpResponseCodec.java:138)\n\tat org.openqa.selenium.remote.codec.w3c.W3CHttpResponseCodec.decode(W3CHttpResponseCodec.java:50)\n\tat org.openqa.selenium.remote.HttpCommandExecutor.execute(HttpCommandExecutor.java:215)\n\tat org.openqa.selenium.remote.service.DriverCommandExecutor.invokeExecute(DriverCommandExecutor.java:216)\n\tat org.openqa.selenium.remote.service.DriverCommandExecutor.execute(DriverCommandExecutor.java:174)\n\tat org.openqa.selenium.remote.RemoteWebDriver.execute(RemoteWebDriver.java:545)\n\tat org.openqa.selenium.remote.RemoteWebElement.execute(RemoteWebElement.java:223)\n\tat org.openqa.selenium.remote.RemoteWebElement.click(RemoteWebElement.java:76)\n\tat pageobjects.WorkroomEmployeesModulePage.employeename(WorkroomEmployeesModulePage.java:168)\n\tat stepDefinations.WorkRoomEmployeesModuleSteps.user_will_create_new_employee_by_filling_the_employee_form_in_the_employee_module(WorkRoomEmployeesModuleSteps.java:36)\n\tat ✽.user will create new employee by filling the employee form in the employee module(file:///home/limitscale/Desktop/WorkRoom/Live_WorkRoomWebautomation/src/test/java/Features/workroomCreateEmployee.feature:11)\n"},"stage":"finished","steps":[],"attachments":[],"parameters":[],"start":1749816650600,"stop":1749816659339}],"attachments":[],"parameters":[],"start":1749816638753,"stop":1749816659591}