{"uuid":"17dd9e2c-f33e-49da-a439-91706a8e16dc","historyId":"7459f00fa869769fc507fb464393ac44","testCaseId":"2dcd546af3e20fb5edd75c508eb25088","fullName":"src/test/java/Features/workroomCreateEmployee.feature:8","labels":[{"name":"tag","value":"sanity"},{"name":"host","value":"limitscale-ThinkPad-T490"},{"name":"thread","value":"8494@limitscale-ThinkPad-T490.main(1)"},{"name":"feature","value":"workroom Create Employee"},{"name":"story","value":"Login with the valid Email and password"},{"name":"suite","value":"workroom Create Employee"},{"name":"testClass","value":"Login with the valid Email and password"},{"name":"framework","value":"cucumber4jvm"},{"name":"language","value":"java"},{"name":"gherkin_uri","value":"file:///home/limitscale/Desktop/WorkRoom/Live_WorkRoomWebautomation/src/test/java/Features/workroomCreateEmployee.feature"},{"name":"package","value":"src.test.java.Features.workroomCreateEmployee_feature.workroom Create Employee"}],"links":[],"name":"Login with the valid Email and password","status":"broken","statusDetails":{"known":false,"muted":false,"flaky":false,"message":"stale element reference: stale element not found in the current frame\n  (Session info: chrome=137.0.7151.68)\nFor documentation on this error, please visit: https://www.selenium.dev/documentation/webdriver/troubleshooting/errors#stale-element-reference-exception\nBuild info: version: '4.29.0', revision: '5fc1ec94cb'\nSystem info: os.name: 'Linux', os.arch: 'amd64', os.version: '6.11.0-26-generic', java.version: '17.0.15'\nDriver info: org.openqa.selenium.chrome.ChromeDriver\nCommand: [58be10091dc20d75efb82c29a328022e, getElementText {id=f.FC6F3B54799A87902ADDB346B4C6A5F5.d.F1A9F734FC6B2EBB39DF1C3B26F90D61.e.79}]\nCapabilities {acceptInsecureCerts: false, browserName: chrome, browserVersion: 137.0.7151.68, chrome: {chromedriverVersion: 137.0.7151.68 (2989ffee9373..., userDataDir: /tmp/chrome-user-data-56872...}, fedcm:accounts: true, goog:chromeOptions: {debuggerAddress: localhost:41985}, networkConnectionEnabled: false, pageLoadStrategy: normal, platformName: linux, proxy: Proxy(), se:cdp: ws://localhost:41985/devtoo..., se:cdpVersion: 137.0.7151.68, setWindowRect: true, strictFileInteractability: false, timeouts: {implicit: 0, pageLoad: 300000, script: 30000}, unhandledPromptBehavior: dismiss and notify, webauthn:extension:credBlob: true, webauthn:extension:largeBlob: true, webauthn:extension:minPinLength: true, webauthn:extension:prf: true, webauthn:virtualAuthenticators: true}\nElement: [[ChromeDriver: chrome on linux (58be10091dc20d75efb82c29a328022e)] -> css selector: .select2-results__option]\nSession ID: 58be10091dc20d75efb82c29a328022e","trace":"org.openqa.selenium.StaleElementReferenceException: stale element reference: stale element not found in the current frame\n  (Session info: chrome=137.0.7151.68)\nFor documentation on this error, please visit: https://www.selenium.dev/documentation/webdriver/troubleshooting/errors#stale-element-reference-exception\nBuild info: version: '4.29.0', revision: '5fc1ec94cb'\nSystem info: os.name: 'Linux', os.arch: 'amd64', os.version: '6.11.0-26-generic', java.version: '17.0.15'\nDriver info: org.openqa.selenium.chrome.ChromeDriver\nCommand: [58be10091dc20d75efb82c29a328022e, getElementText {id=f.FC6F3B54799A87902ADDB346B4C6A5F5.d.F1A9F734FC6B2EBB39DF1C3B26F90D61.e.79}]\nCapabilities {acceptInsecureCerts: false, browserName: chrome, browserVersion: 137.0.7151.68, chrome: {chromedriverVersion: 137.0.7151.68 (2989ffee9373..., userDataDir: /tmp/chrome-user-data-56872...}, fedcm:accounts: true, goog:chromeOptions: {debuggerAddress: localhost:41985}, networkConnectionEnabled: false, pageLoadStrategy: normal, platformName: linux, proxy: Proxy(), se:cdp: ws://localhost:41985/devtoo..., se:cdpVersion: 137.0.7151.68, setWindowRect: true, strictFileInteractability: false, timeouts: {implicit: 0, pageLoad: 300000, script: 30000}, unhandledPromptBehavior: dismiss and notify, webauthn:extension:credBlob: true, webauthn:extension:largeBlob: true, webauthn:extension:minPinLength: true, webauthn:extension:prf: true, webauthn:virtualAuthenticators: true}\nElement: [[ChromeDriver: chrome on linux (58be10091dc20d75efb82c29a328022e)] -> css selector: .select2-results__option]\nSession ID: 58be10091dc20d75efb82c29a328022e\n\tat java.base/jdk.internal.reflect.NativeConstructorAccessorImpl.newInstance0(Native Method)\n\tat java.base/jdk.internal.reflect.NativeConstructorAccessorImpl.newInstance(NativeConstructorAccessorImpl.java:77)\n\tat java.base/jdk.internal.reflect.DelegatingConstructorAccessorImpl.newInstance(DelegatingConstructorAccessorImpl.java:45)\n\tat java.base/java.lang.reflect.Constructor.newInstanceWithCaller(Constructor.java:500)\n\tat java.base/java.lang.reflect.Constructor.newInstance(Constructor.java:481)\n\tat org.openqa.selenium.remote.ErrorCodec.decode(ErrorCodec.java:167)\n\tat org.openqa.selenium.remote.codec.w3c.W3CHttpResponseCodec.decode(W3CHttpResponseCodec.java:138)\n\tat org.openqa.selenium.remote.codec.w3c.W3CHttpResponseCodec.decode(W3CHttpResponseCodec.java:50)\n\tat org.openqa.selenium.remote.HttpCommandExecutor.execute(HttpCommandExecutor.java:215)\n\tat org.openqa.selenium.remote.service.DriverCommandExecutor.invokeExecute(DriverCommandExecutor.java:216)\n\tat org.openqa.selenium.remote.service.DriverCommandExecutor.execute(DriverCommandExecutor.java:174)\n\tat org.openqa.selenium.remote.RemoteWebDriver.execute(RemoteWebDriver.java:545)\n\tat org.openqa.selenium.remote.RemoteWebElement.execute(RemoteWebElement.java:223)\n\tat org.openqa.selenium.remote.RemoteWebElement.getText(RemoteWebElement.java:191)\n\tat pageobjects.WorkroomEmployeesModulePage.departmentDropDown(WorkroomEmployeesModulePage.java:155)\n\tat stepDefinations.WorkRoomEmployeesModuleSteps.user_will_create_new_employee_by_filling_the_employee_form_in_the_employee_module(WorkRoomEmployeesModuleSteps.java:34)\n\tat ✽.user will create new employee by filling the employee form in the employee module(file:///home/limitscale/Desktop/WorkRoom/Live_WorkRoomWebautomation/src/test/java/Features/workroomCreateEmployee.feature:11)\n"},"stage":"finished","steps":[{"name":"Given the user launches the Chrome browser","status":"passed","statusDetails":{"known":false,"muted":false,"flaky":false},"stage":"finished","steps":[],"attachments":[],"parameters":[],"start":1749816401473,"stop":1749816402713},{"name":"And the user navigates to the login page with the URL \"https://work-room.io/auth/login\"","status":"passed","statusDetails":{"known":false,"muted":false,"flaky":false},"stage":"finished","steps":[],"attachments":[],"parameters":[],"start":1749816402714,"stop":1749816407084},{"name":"When the user enters their email \"Limitscale@gmail.com\" and password \"Limitscale@05\"","status":"passed","statusDetails":{"known":false,"muted":false,"flaky":false},"stage":"finished","steps":[],"attachments":[],"parameters":[],"start":1749816407086,"stop":1749816408549},{"name":"And the user clicks the Login button","status":"passed","statusDetails":{"known":false,"muted":false,"flaky":false},"stage":"finished","steps":[],"attachments":[],"parameters":[],"start":1749816408551,"stop":1749816412975},{"name":"Then user will create new employee by filling the employee form in the employee module","status":"broken","statusDetails":{"known":false,"muted":false,"flaky":false,"message":"stale element reference: stale element not found in the current frame\n  (Session info: chrome=137.0.7151.68)\nFor documentation on this error, please visit: https://www.selenium.dev/documentation/webdriver/troubleshooting/errors#stale-element-reference-exception\nBuild info: version: '4.29.0', revision: '5fc1ec94cb'\nSystem info: os.name: 'Linux', os.arch: 'amd64', os.version: '6.11.0-26-generic', java.version: '17.0.15'\nDriver info: org.openqa.selenium.chrome.ChromeDriver\nCommand: [58be10091dc20d75efb82c29a328022e, getElementText {id=f.FC6F3B54799A87902ADDB346B4C6A5F5.d.F1A9F734FC6B2EBB39DF1C3B26F90D61.e.79}]\nCapabilities {acceptInsecureCerts: false, browserName: chrome, browserVersion: 137.0.7151.68, chrome: {chromedriverVersion: 137.0.7151.68 (2989ffee9373..., userDataDir: /tmp/chrome-user-data-56872...}, fedcm:accounts: true, goog:chromeOptions: {debuggerAddress: localhost:41985}, networkConnectionEnabled: false, pageLoadStrategy: normal, platformName: linux, proxy: Proxy(), se:cdp: ws://localhost:41985/devtoo..., se:cdpVersion: 137.0.7151.68, setWindowRect: true, strictFileInteractability: false, timeouts: {implicit: 0, pageLoad: 300000, script: 30000}, unhandledPromptBehavior: dismiss and notify, webauthn:extension:credBlob: true, webauthn:extension:largeBlob: true, webauthn:extension:minPinLength: true, webauthn:extension:prf: true, webauthn:virtualAuthenticators: true}\nElement: [[ChromeDriver: chrome on linux (58be10091dc20d75efb82c29a328022e)] -> css selector: .select2-results__option]\nSession ID: 58be10091dc20d75efb82c29a328022e","trace":"org.openqa.selenium.StaleElementReferenceException: stale element reference: stale element not found in the current frame\n  (Session info: chrome=137.0.7151.68)\nFor documentation on this error, please visit: https://www.selenium.dev/documentation/webdriver/troubleshooting/errors#stale-element-reference-exception\nBuild info: version: '4.29.0', revision: '5fc1ec94cb'\nSystem info: os.name: 'Linux', os.arch: 'amd64', os.version: '6.11.0-26-generic', java.version: '17.0.15'\nDriver info: org.openqa.selenium.chrome.ChromeDriver\nCommand: [58be10091dc20d75efb82c29a328022e, getElementText {id=f.FC6F3B54799A87902ADDB346B4C6A5F5.d.F1A9F734FC6B2EBB39DF1C3B26F90D61.e.79}]\nCapabilities {acceptInsecureCerts: false, browserName: chrome, browserVersion: 137.0.7151.68, chrome: {chromedriverVersion: 137.0.7151.68 (2989ffee9373..., userDataDir: /tmp/chrome-user-data-56872...}, fedcm:accounts: true, goog:chromeOptions: {debuggerAddress: localhost:41985}, networkConnectionEnabled: false, pageLoadStrategy: normal, platformName: linux, proxy: Proxy(), se:cdp: ws://localhost:41985/devtoo..., se:cdpVersion: 137.0.7151.68, setWindowRect: true, strictFileInteractability: false, timeouts: {implicit: 0, pageLoad: 300000, script: 30000}, unhandledPromptBehavior: dismiss and notify, webauthn:extension:credBlob: true, webauthn:extension:largeBlob: true, webauthn:extension:minPinLength: true, webauthn:extension:prf: true, webauthn:virtualAuthenticators: true}\nElement: [[ChromeDriver: chrome on linux (58be10091dc20d75efb82c29a328022e)] -> css selector: .select2-results__option]\nSession ID: 58be10091dc20d75efb82c29a328022e\n\tat java.base/jdk.internal.reflect.NativeConstructorAccessorImpl.newInstance0(Native Method)\n\tat java.base/jdk.internal.reflect.NativeConstructorAccessorImpl.newInstance(NativeConstructorAccessorImpl.java:77)\n\tat java.base/jdk.internal.reflect.DelegatingConstructorAccessorImpl.newInstance(DelegatingConstructorAccessorImpl.java:45)\n\tat java.base/java.lang.reflect.Constructor.newInstanceWithCaller(Constructor.java:500)\n\tat java.base/java.lang.reflect.Constructor.newInstance(Constructor.java:481)\n\tat org.openqa.selenium.remote.ErrorCodec.decode(ErrorCodec.java:167)\n\tat org.openqa.selenium.remote.codec.w3c.W3CHttpResponseCodec.decode(W3CHttpResponseCodec.java:138)\n\tat org.openqa.selenium.remote.codec.w3c.W3CHttpResponseCodec.decode(W3CHttpResponseCodec.java:50)\n\tat org.openqa.selenium.remote.HttpCommandExecutor.execute(HttpCommandExecutor.java:215)\n\tat org.openqa.selenium.remote.service.DriverCommandExecutor.invokeExecute(DriverCommandExecutor.java:216)\n\tat org.openqa.selenium.remote.service.DriverCommandExecutor.execute(DriverCommandExecutor.java:174)\n\tat org.openqa.selenium.remote.RemoteWebDriver.execute(RemoteWebDriver.java:545)\n\tat org.openqa.selenium.remote.RemoteWebElement.execute(RemoteWebElement.java:223)\n\tat org.openqa.selenium.remote.RemoteWebElement.getText(RemoteWebElement.java:191)\n\tat pageobjects.WorkroomEmployeesModulePage.departmentDropDown(WorkroomEmployeesModulePage.java:155)\n\tat stepDefinations.WorkRoomEmployeesModuleSteps.user_will_create_new_employee_by_filling_the_employee_form_in_the_employee_module(WorkRoomEmployeesModuleSteps.java:34)\n\tat ✽.user will create new employee by filling the employee form in the employee module(file:///home/limitscale/Desktop/WorkRoom/Live_WorkRoomWebautomation/src/test/java/Features/workroomCreateEmployee.feature:11)\n"},"stage":"finished","steps":[],"attachments":[],"parameters":[],"start":1749816412979,"stop":1749816420520}],"attachments":[],"parameters":[],"start":1749816399234,"stop":1749816420836}